<?xml version="1.0" encoding="UTF-8"?>
<!-- Generated by org.testng.reporters.JUnitReportReporter -->
<testsuite hostname="soneca-Lenovo-Z40-70" name="com.soneca.learn.java8.lambdas.threadrunner.Main" tests="1" failures="0" timestamp="26 Jul 2016 22:48:26 GMT" time="0.078" errors="0">
  <testcase name="test" time="0.078" classname="com.soneca.learn.java8.lambdas.threadrunner.Main"/>
</testsuite> <!-- com.soneca.learn.java8.lambdas.threadrunner.Main -->
