<?xml version="1.0" encoding="UTF-8"?>
<!-- Generated by org.testng.reporters.JUnitReportReporter -->
<testsuite hostname="soneca-Lenovo-Z40-70" name="com.soneca.learn.java8.lambdas.collections.Main" tests="3" failures="0" timestamp="26 Jul 2016 23:11:57 GMT" time="0.088" errors="0">
  <testcase name="filter" time="0.006" classname="com.soneca.learn.java8.lambdas.collections.Main"/>
  <testcase name="groupBy" time="0.024" classname="com.soneca.learn.java8.lambdas.collections.Main"/>
  <testcase name="forEach" time="0.058" classname="com.soneca.learn.java8.lambdas.collections.Main"/>
</testsuite> <!-- com.soneca.learn.java8.lambdas.collections.Main -->
