<?xml version="1.0" encoding="UTF-8"?>
<!-- Generated by org.testng.reporters.JUnitReportReporter -->
<testsuite hostname="soneca-Lenovo-Z40-70" name="com.soneca.learn.java8.lambdas.Main" tests="2" failures="0" timestamp="26 Jul 2016 23:10:38 GMT" time="0.053" errors="0">
  <testcase name="newWay" time="0.052" classname="com.soneca.learn.java8.lambdas.Main"/>
  <testcase name="oldWay" time="0.001" classname="com.soneca.learn.java8.lambdas.Main"/>
</testsuite> <!-- com.soneca.learn.java8.lambdas.Main -->
